0 info it worked if it ends with ok
1 verbose cli [ '/Users/thomas/.nvm/versions/node/v6.9.5/bin/node',
1 verbose cli   '/Users/thomas/.nvm/versions/node/v6.9.5/bin/npm',
1 verbose cli   'run',
1 verbose cli   'start' ]
2 info using npm@3.10.10
3 info using node@v6.9.5
4 verbose run-script [ 'prestart', 'start', 'poststart' ]
5 info lifecycle lifescope-xr@1.0.0~prestart: lifescope-xr@1.0.0
6 silly lifecycle lifescope-xr@1.0.0~prestart: no script for prestart, continuing
7 info lifecycle lifescope-xr@1.0.0~start: lifescope-xr@1.0.0
8 verbose lifecycle lifescope-xr@1.0.0~start: unsafe-perm in lifecycle true
9 verbose lifecycle lifescope-xr@1.0.0~start: PATH: /Users/thomas/.nvm/versions/node/v6.9.5/lib/node_modules/npm/bin/node-gyp-bin:/Users/thomas/dev/src/lifescope/lifescope-xr/node_modules/.bin:/Users/thomas/.cargo/bin:/anaconda3/bin:/Users/thomas/.nvm/versions/node/v6.9.5/bin://anaconda/bin:/usr/local/bin:/usr/bin:/bin:/usr/sbin:/sbin:/Library/TeX/texbin:/usr/local/go/bin:/opt/X11/bin:/Applications/Wireshark.app/Contents/MacOS:/Users/thomas/Library/Android/sdk/platform-tools:/Users/thomas/bin:/Applications/scala-2.12.2//bin
10 verbose lifecycle lifescope-xr@1.0.0~start: CWD: /Users/thomas/dev/src/lifescope/lifescope-xr
11 silly lifecycle lifescope-xr@1.0.0~start: Args: [ '-c', 'node ./dist/server.js' ]
12 silly lifecycle lifescope-xr@1.0.0~start: Returned: code: 1  signal: null
13 info lifecycle lifescope-xr@1.0.0~start: Failed to exec start script
14 verbose stack Error: lifescope-xr@1.0.0 start: `node ./dist/server.js`
14 verbose stack Exit status 1
14 verbose stack     at EventEmitter.<anonymous> (/Users/thomas/.nvm/versions/node/v6.9.5/lib/node_modules/npm/lib/utils/lifecycle.js:255:16)
14 verbose stack     at emitTwo (events.js:106:13)
14 verbose stack     at EventEmitter.emit (events.js:191:7)
14 verbose stack     at ChildProcess.<anonymous> (/Users/thomas/.nvm/versions/node/v6.9.5/lib/node_modules/npm/lib/utils/spawn.js:40:14)
14 verbose stack     at emitTwo (events.js:106:13)
14 verbose stack     at ChildProcess.emit (events.js:191:7)
14 verbose stack     at maybeClose (internal/child_process.js:877:16)
14 verbose stack     at Process.ChildProcess._handle.onexit (internal/child_process.js:226:5)
15 verbose pkgid lifescope-xr@1.0.0
16 verbose cwd /Users/thomas/dev/src/lifescope/lifescope-xr
17 error Darwin 18.2.0
18 error argv "/Users/thomas/.nvm/versions/node/v6.9.5/bin/node" "/Users/thomas/.nvm/versions/node/v6.9.5/bin/npm" "run" "start"
19 error node v6.9.5
20 error npm  v3.10.10
21 error code ELIFECYCLE
22 error lifescope-xr@1.0.0 start: `node ./dist/server.js`
22 error Exit status 1
23 error Failed at the lifescope-xr@1.0.0 start script 'node ./dist/server.js'.
23 error Make sure you have the latest version of node.js and npm installed.
23 error If you do, this is most likely a problem with the lifescope-xr package,
23 error not with npm itself.
23 error Tell the author that this fails on your system:
23 error     node ./dist/server.js
23 error You can get information on how to open an issue for this project with:
23 error     npm bugs lifescope-xr
23 error Or if that isn't available, you can get their info via:
23 error     npm owner ls lifescope-xr
23 error There is likely additional logging output above.
24 verbose exit [ 1, true ]
